<?xml version="1.0" encoding="UTF-8"?>
<testsuite name="AppTest" tests="1" skipped="1" failures="0" errors="0" timestamp="2018-07-30T00:28:38" hostname="jeffs-home-mini.local" time="0.0">
  <properties/>
  <testcase name="testAppHasAGreeting" classname="AppTest" time="0.0">
    <skipped/>
  </testcase>
  <system-out><![CDATA[]]></system-out>
  <system-err><![CDATA[]]></system-err>
</testsuite>
